


Fecha: 2024-10-24 09:38:08
Para: juevesprueba@gmail.com
Asunto: Verificación de cuenta
Mensaje:
Por favor, verifica tu cuenta haciendo clic en este enlace: http://localhost/google-login/09-login/verificar.php?token=729d81a50d7a68686c0bd032e4580d1a87b4878488c37faec168e07fc6499ee6
_____________

Fecha: 2024-10-24 09:40:56
Para: micorreo@gami
Asunto: Verificación de cuenta
Mensaje:
Por favor, verifica tu cuenta haciendo clic en este enlace: http://localhost/google-login/09-login/verificar.php?token=25bd0cf02917b544c65abb8bcb3bbb1d14144a5b16b82523265dd3f5b76cfb1f
_____________

Fecha: 2024-10-24 10:08:07
Para: micorreo@gami
Asunto: Recuperación de contraseña
Mensaje:
Para restablecer tu contraseña, haz click en este enlace: http://localhost/google-login/09-login/
    restablecer.php?token=7b28cf8723e9289ef83fe2f90d844a07b5cbbc2929f385baad94d3a04271f019
_____________

Fecha: 2024-10-24 10:51:59
Para: micorreo@gami
Asunto: Recuperación de contraseña
Mensaje:
Para restablecer tu contraseña, haz click en este enlace: http://localhost/google-login/09-login/restablecer.php?token=2737d6e16c9d7455e6c2d946691aea8a5936aa4f52e2bef9ea20652e6b143063
_____________

Fecha: 2024-10-24 10:53:07
Para: micorreo@gami
Asunto: Recuperación de contraseña
Mensaje:
Para restablecer tu contraseña, haz click en este enlace: http://localhost/google-login/09-login/restablecer.php?token=be1e6f0b2b4cf92ea25f5aefd1e6f20100d2baedfa38ea982191314ef99282bf
_____________

